#
# A fatal error has been detected by the Java Runtime Environment:
#
#  EXCEPTION_ACCESS_VIOLATION (0xc0000005) at pc=0x000000006d768d85, pid=2756, tid=3324
#
# JRE version: Java(TM) SE Runtime Environment (8.0_77-b03) (build 1.8.0_77-b03)
# Java VM: Java HotSpot(TM) 64-Bit Server VM (25.77-b03 mixed mode windows-amd64 compressed oops)
# Problematic frame:
# V  [jvm.dll+0x128d85]
#
# Failed to write core dump. Minidumps are not enabled by default on client versions of Windows
#
# If you would like to submit a bug report, please visit:
#   http://bugreport.java.com/bugreport/crash.jsp
#

---------------  T H R E A D  ---------------

Current thread (0x0000000016bb7000):  JavaThread "JDWP Transport Listener: dt_socket" daemon [_thread_in_vm, id=3324, stack(0x00000000181f0000,0x00000000182f0000)]

siginfo: ExceptionCode=0xc0000005, reading address 0xffffffffffffffff

Registers:
RAX=0x00000000182ef001, RBX=0x0000000016bb7000, RCX=0x0072004900000008, RDX=0x0000000000000000
RSP=0x00000000182ef060, RBP=0x0072004900000008, RSI=0x00000000182ef178, RDI=0x00000000032a8690
R8 =0x0000000016bb7000, R9 =0x0000000000000000, R10=0x0000000000000000, R11=0x0000000000000064
R12=0x0000000000000000, R13=0x0000000016bb7818, R14=0x0000000000000000, R15=0x0000000000000000
RIP=0x000000006d768d85, EFLAGS=0x0000000000010202

Top of Stack: (sp=0x00000000182ef060)
0x00000000182ef060:   0000000016bb7000 0000000016bb7000
0x00000000182ef070:   00000000182ef128 000000006d96e33b
0x00000000182ef080:   0000000016bb7000 000000006d98ab9d
0x00000000182ef090:   0000000000000000 000000006d489155
0x00000000182ef0a0:   0000000018814dc0 000000006d49291e
0x00000000182ef0b0:   0000000016bb7000 0000000000000000
0x00000000182ef0c0:   0000000000000000 0000000000000000
0x00000000182ef0d0:   0072004900000008 000000006d491a15
0x00000000182ef0e0:   00000000182ef178 00000000182ef150
0x00000000182ef0f0:   0000000000000001 0000000018814dc0
0x00000000182ef100:   0072004900000008 000000006d4753b3
0x00000000182ef110:   00000000182ef240 0000000000000001
0x00000000182ef120:   0000000000000001 0000000018814dc0
0x00000000182ef130:   0000000000000009 0000000000000000
0x00000000182ef140:   0000000000000000 0000000000000000
0x00000000182ef150:   0000000000000001 000000006d475571 

Instructions: (pc=0x000000006d768d85)
0x000000006d768d65:   cc cc cc cc cc cc cc cc cc cc cc 48 83 ec 28 48
0x000000006d768d75:   85 c9 75 07 33 c0 48 83 c4 28 c3 48 89 5c 24 20
0x000000006d768d85:   48 8b 19 48 85 db 74 20 48 83 fb 37 74 1a 48 8b
0x000000006d768d95:   13 48 8b cb ff 52 10 84 c0 74 0d 48 8b c3 48 8b 


Register to memory mapping:

RAX=0x00000000182ef001 is pointing into the stack for thread: 0x0000000016bb7000
RBX=0x0000000016bb7000 is a thread
RCX=0x0072004900000008 is an unknown value
RDX=0x0000000000000000 is an unknown value
RSP=0x00000000182ef060 is pointing into the stack for thread: 0x0000000016bb7000
RBP=0x0072004900000008 is an unknown value
RSI=0x00000000182ef178 is pointing into the stack for thread: 0x0000000016bb7000
RDI=0x00000000032a8690 is an unknown value
R8 =0x0000000016bb7000 is a thread
R9 =0x0000000000000000 is an unknown value
R10=0x0000000000000000 is an unknown value
R11=0x0000000000000064 is an unknown value
R12=0x0000000000000000 is an unknown value
R13=0x0000000016bb7818 is an unknown value
R14=0x0000000000000000 is an unknown value
R15=0x0000000000000000 is an unknown value


Stack: [0x00000000181f0000,0x00000000182f0000],  sp=0x00000000182ef060,  free space=1020k
Native frames: (J=compiled Java code, j=interpreted, Vv=VM code, C=native code)
V  [jvm.dll+0x128d85]
V  [jvm.dll+0x34ab9d]
C  [jdwp.dll+0x21a15]
C  [jdwp.dll+0x53b3]
C  [jdwp.dll+0x5571]
C  [jdwp.dll+0xf0a8]
C  [jdwp.dll+0x1f2d5]
C  [jdwp.dll+0x1f4aa]
V  [jvm.dll+0x1bba58]
V  [jvm.dll+0x243434]
V  [jvm.dll+0x29a27a]
C  [msvcr100.dll+0x21d9f]
C  [msvcr100.dll+0x21e3b]
C  [KERNEL32.DLL+0x18102]
C  [ntdll.dll+0x5c5b4]


---------------  P R O C E S S  ---------------

Java Threads: ( => current thread )
  0x0000000016c0e800 JavaThread "Service Thread" daemon [_thread_blocked, id=6216, stack(0x0000000018bf0000,0x0000000018cf0000)]
  0x0000000016bdb800 JavaThread "C1 CompilerThread2" daemon [_thread_blocked, id=6716, stack(0x00000000186f0000,0x00000000187f0000)]
  0x0000000016bda800 JavaThread "C2 CompilerThread1" daemon [_thread_blocked, id=1224, stack(0x00000000185f0000,0x00000000186f0000)]
  0x0000000016be1800 JavaThread "C2 CompilerThread0" daemon [_thread_blocked, id=4592, stack(0x00000000184f0000,0x00000000185f0000)]
  0x0000000016bc8000 JavaThread "JDWP Command Reader" daemon [_thread_in_native, id=5920, stack(0x00000000183f0000,0x00000000184f0000)]
  0x0000000016bc4800 JavaThread "JDWP Event Helper Thread" daemon [_thread_blocked, id=8352, stack(0x00000000182f0000,0x00000000183f0000)]
=>0x0000000016bb7000 JavaThread "JDWP Transport Listener: dt_socket" daemon [_thread_in_vm, id=3324, stack(0x00000000181f0000,0x00000000182f0000)]
  0x0000000016baf800 JavaThread "Attach Listener" daemon [_thread_blocked, id=10016, stack(0x00000000180f0000,0x00000000181f0000)]
  0x0000000016bae800 JavaThread "Signal Dispatcher" daemon [_thread_blocked, id=3960, stack(0x0000000017ff0000,0x00000000180f0000)]
  0x000000000326b000 JavaThread "Finalizer" daemon [_thread_blocked, id=10032, stack(0x0000000017e10000,0x0000000017f10000)]
  0x0000000003260800 JavaThread "Reference Handler" daemon [_thread_blocked, id=1704, stack(0x0000000017d10000,0x0000000017e10000)]
  0x0000000003172800 JavaThread "main" [_thread_blocked, id=912, stack(0x0000000003040000,0x0000000003140000)]

Other Threads:
  0x0000000016b77800 VMThread [stack: 0x0000000017c10000,0x0000000017d10000] [id=7680]
  0x000000001885d000 WatcherThread [stack: 0x0000000018cf0000,0x0000000018df0000] [id=8596]

VM state:not at safepoint (normal execution)

VM Mutex/Monitor currently owned by a thread: None

Heap:
 PSYoungGen      total 28672K, used 1966K [0x00000000e0400000, 0x00000000e2400000, 0x0000000100000000)
  eden space 24576K, 8% used [0x00000000e0400000,0x00000000e05eb8d8,0x00000000e1c00000)
  from space 4096K, 0% used [0x00000000e2000000,0x00000000e2000000,0x00000000e2400000)
  to   space 4096K, 0% used [0x00000000e1c00000,0x00000000e1c00000,0x00000000e2000000)
 ParOldGen       total 65536K, used 0K [0x00000000a0c00000, 0x00000000a4c00000, 0x00000000e0400000)
  object space 65536K, 0% used [0x00000000a0c00000,0x00000000a0c00000,0x00000000a4c00000)
 Metaspace       used 3554K, capacity 4608K, committed 4864K, reserved 1056768K
  class space    used 406K, capacity 432K, committed 512K, reserved 1048576K

Card table byte_map: [0x0000000012670000,0x0000000012970000] byte_map_base: 0x000000001216a000

Marking Bits: (ParMarkBitMap*) 0x000000006de50600
 Begin Bits: [0x0000000012f70000, 0x0000000014740000)
 End Bits:   [0x0000000014740000, 0x0000000015f10000)

Polling page: 0x0000000001860000

CodeCache: size=245760Kb used=1200Kb max_used=1208Kb free=244559Kb
 bounds [0x00000000032b0000, 0x0000000003520000, 0x00000000122b0000]
 total_blobs=310 nmethods=74 adapters=157
 compilation: enabled

Compilation events (10 events):
Event: 0.276 Thread 0x0000000016bdb800   70       3       java.util.HashMap::newNode (13 bytes)
Event: 0.277 Thread 0x0000000016bdb800 nmethod 70 0x00000000033d8f90 code [0x00000000033d9100, 0x00000000033d93b0]
Event: 0.277 Thread 0x0000000016bdb800   71       3       java.util.HashMap::afterNodeInsertion (1 bytes)
Event: 0.277 Thread 0x0000000016bda800   73       4       java.lang.String::indexOf (70 bytes)
Event: 0.277 Thread 0x0000000016bdb800 nmethod 71 0x00000000033d9510 code [0x00000000033d9660, 0x00000000033d97b0]
Event: 0.277 Thread 0x0000000016bdb800   74       3       java.util.StringTokenizer::skipDelimiters (116 bytes)
Event: 0.278 Thread 0x0000000016bdb800 nmethod 74 0x00000000033d9810 code [0x00000000033d9a20, 0x00000000033da5f8]
Event: 0.278 Thread 0x0000000016bdb800   72       3       java.util.HashSet::add (20 bytes)
Event: 0.278 Thread 0x0000000016bdb800 nmethod 72 0x00000000033dab10 code [0x00000000033dac80, 0x00000000033daf28]
Event: 0.280 Thread 0x0000000016bda800 nmethod 73 0x00000000033dddd0 code [0x00000000033ddf20, 0x00000000033de0f8]

GC Heap History (0 events):
No events

Deoptimization events (0 events):
No events

Internal exceptions (6 events):
Event: 0.056 Thread 0x0000000003172800 Exception <a 'java/lang/NoSuchMethodError': Method sun.misc.Unsafe.defineClass(Ljava/lang/String;[BII)Ljava/lang/Class; name or signature does not match> (0x00000000e0407cc0) thrown at [D:\re\workspace\8-2-build-windows-amd64-cygwin\jdk8u77\6540\hotspot\srPHð³–¬?
Event: 0.056 Thread 0x0000000003172800 Exception <a 'java/lang/NoSuchMethodError': Method sun.misc.Unsafe.prefetchRead(Ljava/lang/Object;J)V name or signature does not match> (0x00000000e0407fa8) thrown at [D:\re\workspace\8-2-build-windows-amd64-cygwin\jdk8u77\6540\hotspot\src\share\vm\prims\j›—};ó©Ð?
Event: 0.260 Thread 0x0000000003172800 Exception <a 'java/security/PrivilegedActionException'> (0x00000000e05b5948) thrown at [D:\re\workspace\8-2-build-windows-amd64-cygwin\jdk8u77\6540\hotspot\src\share\vm\prims\jvm.cpp, line 1386]
Event: 0.260 Thread 0x0000000003172800 Exception <a 'java/security/PrivilegedActionException'> (0x00000000e05b5d40) thrown at [D:\re\workspace\8-2-build-windows-amd64-cygwin\jdk8u77\6540\hotspot\src\share\vm\prims\jvm.cpp, line 1386]
Event: 0.261 Thread 0x0000000003172800 Exception <a 'java/security/PrivilegedActionException'> (0x00000000e05b9d70) thrown at [D:\re\workspace\8-2-build-windows-amd64-cygwin\jdk8u77\6540\hotspot\src\share\vm\prims\jvm.cpp, line 1386]
Event: 0.262 Thread 0x0000000003172800 Exception <a 'java/security/PrivilegedActionException'> (0x00000000e05ba168) thrown at [D:\re\workspace\8-2-build-windows-amd64-cygwin\jdk8u77\6540\hotspot\src\share\vm\prims\jvm.cpp, line 1386]

Events (10 events):
Event: 183.542 Executing VM operation: ChangeBreakpoints
Event: 183.542 Executing VM operation: ChangeBreakpoints done
Event: 220.042 Executing VM operation: ChangeBreakpoints
Event: 220.042 Executing VM operation: ChangeBreakpoints done
Event: 232.205 Executing VM operation: RedefineClasses
Event: 232.206 Executing VM operation: RedefineClasses done
Event: 1373.940 loading class com/sun/org/apache/bcel/internal/classfile/ClassFormatException
Event: 1373.941 loading class com/sun/org/apache/bcel/internal/classfile/ClassFormatException done
Event: 1373.943 Executing VM operation: RedefineClasses
Event: 1373.949 Executing VM operation: RedefineClasses done


Dynamic libraries:
0x00007ff636140000 - 0x00007ff636177000 	C:\Program Files\Java\jdk1.8.0_77\bin\java.exe
0x00007ffb13c20000 - 0x00007ffb13de1000 	C:\windows\SYSTEM32\ntdll.dll
0x00007ffb13b70000 - 0x00007ffb13c1d000 	C:\windows\system32\KERNEL32.DLL
0x00007ffb10b90000 - 0x00007ffb10d78000 	C:\windows\system32\KERNELBASE.dll
0x00007ffb13340000 - 0x00007ffb133e7000 	C:\windows\system32\ADVAPI32.dll
0x00007ffb116b0000 - 0x00007ffb1174d000 	C:\windows\system32\msvcrt.dll
0x00007ffb132e0000 - 0x00007ffb1333b000 	C:\windows\system32\sechost.dll
0x00007ffb134a0000 - 0x00007ffb135bc000 	C:\windows\system32\RPCRT4.dll
0x00007ffb13180000 - 0x00007ffb132d6000 	C:\windows\system32\USER32.dll
0x00007ffb12ff0000 - 0x00007ffb13176000 	C:\windows\system32\GDI32.dll
0x00007ffb0eb20000 - 0x00007ffb0ed94000 	C:\windows\WinSxS\amd64_microsoft.windows.common-controls_6595b64144ccf1df_6.0.10586.0_none_8c15ae12515e1c22\COMCTL32.dll
0x00007ffb111e0000 - 0x00007ffb1145d000 	C:\windows\system32\combase.dll
0x00007ffb10b20000 - 0x00007ffb10b8a000 	C:\windows\system32\bcryptPrimitives.dll
0x00007ffb133f0000 - 0x00007ffb1342b000 	C:\windows\system32\IMM32.DLL
0x000000006ded0000 - 0x000000006dfa2000 	C:\Program Files\Java\jdk1.8.0_77\jre\bin\msvcr100.dll
0x000000006d640000 - 0x000000006ded0000 	C:\Program Files\Java\jdk1.8.0_77\jre\bin\server\jvm.dll
0x00007ffb11590000 - 0x00007ffb11598000 	C:\windows\system32\PSAPI.DLL
0x00007ffb06550000 - 0x00007ffb06559000 	C:\windows\SYSTEM32\WSOCK32.dll
0x00007ffb0e030000 - 0x00007ffb0e053000 	C:\windows\SYSTEM32\WINMM.dll
0x00007ffb13b00000 - 0x00007ffb13b6b000 	C:\windows\system32\WS2_32.dll
0x00007ffb0e8d0000 - 0x00007ffb0e8da000 	C:\windows\SYSTEM32\VERSION.dll
0x00007ffb0dec0000 - 0x00007ffb0deec000 	C:\windows\SYSTEM32\WINMMBASE.dll
0x00007ffb10da0000 - 0x00007ffb10de3000 	C:\windows\system32\cfgmgr32.dll
0x000000006d630000 - 0x000000006d63f000 	C:\Program Files\Java\jdk1.8.0_77\jre\bin\verify.dll
0x000000006d600000 - 0x000000006d629000 	C:\Program Files\Java\jdk1.8.0_77\jre\bin\java.dll
0x000000006d470000 - 0x000000006d4a5000 	C:\Program Files\Java\jdk1.8.0_77\jre\bin\jdwp.dll
0x000000006d5b0000 - 0x000000006d5b8000 	C:\Program Files\Java\jdk1.8.0_77\jre\bin\npt.dll
0x000000006d5e0000 - 0x000000006d5f6000 	C:\Program Files\Java\jdk1.8.0_77\jre\bin\zip.dll
0x00007ffb11750000 - 0x00007ffb12cac000 	C:\windows\system32\SHELL32.dll
0x00007ffb10380000 - 0x00007ffb109c4000 	C:\windows\system32\windows.storage.dll
0x00007ffb11650000 - 0x00007ffb116a2000 	C:\windows\system32\shlwapi.dll
0x00007ffb102c0000 - 0x00007ffb102cf000 	C:\windows\system32\kernel.appcore.dll
0x00007ffb109d0000 - 0x00007ffb10a85000 	C:\windows\system32\shcore.dll
0x00007ffb10240000 - 0x00007ffb1028b000 	C:\windows\system32\powrprof.dll
0x00007ffb10290000 - 0x00007ffb102a4000 	C:\windows\system32\profapi.dll
0x000000006d5a0000 - 0x000000006d5a9000 	C:\Program Files\Java\jdk1.8.0_77\jre\bin\dt_socket.dll
0x00007ffb0f800000 - 0x00007ffb0f85c000 	C:\windows\system32\mswsock.dll
0x00007ffae65b0000 - 0x00007ffae673c000 	C:\windows\SYSTEM32\dbghelp.dll

VM Arguments:
jvm_args: -agentlib:jdwp=transport=dt_socket,address=127.0.0.1:61531,suspend=y,server=n -Dfile.encoding=UTF-8 
java_command: PizzaTime
java_class_path (initial): C:\Program Files\Java\jdk1.8.0_77\jre\lib\charsets.jar;C:\Program Files\Java\jdk1.8.0_77\jre\lib\deploy.jar;C:\Program Files\Java\jdk1.8.0_77\jre\lib\ext\access-bridge-64.jar;C:\Program Files\Java\jdk1.8.0_77\jre\lib\ext\cldrdata.jar;C:\Program Files\Java\jdk1.8.0_77\jre\lib\ext\dnsns.jar;C:\Program Files\Java\jdk1.8.0_77\jre\lib\ext\jaccess.jar;C:\Program Files\Java\jdk1.8.0_77\jre\lib\ext\jfxrt.jar;C:\Program Files\Java\jdk1.8.0_77\jre\lib\ext\localedata.jar;C:\Program Files\Java\jdk1.8.0_77\jre\lib\ext\nashorn.jar;C:\Program Files\Java\jdk1.8.0_77\jre\lib\ext\sunec.jar;C:\Program Files\Java\jdk1.8.0_77\jre\lib\ext\sunjce_provider.jar;C:\Program Files\Java\jdk1.8.0_77\jre\lib\ext\sunmscapi.jar;C:\Program Files\Java\jdk1.8.0_77\jre\lib\ext\sunpkcs11.jar;C:\Program Files\Java\jdk1.8.0_77\jre\lib\ext\zipfs.jar;C:\Program Files\Java\jdk1.8.0_77\jre\lib\javaws.jar;C:\Program Files\Java\jdk1.8.0_77\jre\lib\jce.jar;C:\Program Files\Java\jdk1.8.0_77\jre\lib\jfr.jar;C:\Program Files\Java\jdk1.8.0_77\jre\lib\jfxswt.jar;C:\Program Files\Java\jdk1.8.0_77\jre\lib\jsse.jar;C:\Program Files\Java\jdk1.8.0_77\jre\lib\management-agent.jar;C:\Program Files\Java\jdk1.8.0_77\jre\lib\plugin.jar;C:\Program Files\Java\jdk1.8.0_77\jre\lib\resources.jar;C:\Program Files\Java\jdk1.8.0_77\jre\lib\rt.jar;D:\Development\Java OOP\Methods\out\production\Methods;C:\Program Files (x86)\JetBrains\IntelliJ IDEA Community Edition 15.0.1\lib\idea_rt.jar
Launcher Type: SUN_STANDARD

Environment Variables:
JAVA_HOME=C:\Program Files\Java\jdk1.8.0_77
PATH=D:\Development\JavaEE\apache-maven-3.3.9\bin;C:\oraclexe\app\oracle\product\11.2.0\server\bin;C:\Program Files\Java\jdk1.8.0_77\bin;C:\Program Files (x86)\Common Files\Intel\Shared Files\cpp\bin\Intel64;C:\ProgramData\Oracle\Java\javapath;C:\windows\system32;C:\windows;C:\windows\System32\Wbem;C:\windows\System32\WindowsPowerShell\v1.0\;C:\Program Files (x86)\ATI Technologies\ATI.ACE\Core-Static;C:\Program Files (x86)\Skype\Phone\;C:\windows\system32\config\systemprofile\.dnx\bin;C:\Program Files\Microsoft DNX\Dnvm\;C:\Program Files (x86)\Python3\Scripts\;C:\Program Files (x86)\Python3\
USERNAME=iwano
OS=Windows_NT
PROCESSOR_IDENTIFIER=Intel64 Family 6 Model 58 Stepping 9, GenuineIntel



---------------  S Y S T E M  ---------------

OS: Windows 10.0 , 64 bit Build 10586 (10.0.10586.0)

CPU:total 4 (2 cores per cpu, 2 threads per core) family 6 model 58 stepping 9, cmov, cx8, fxsr, mmx, sse, sse2, sse3, ssse3, sse4.1, sse4.2, popcnt, avx, aes, clmul, erms, ht, tsc, tscinvbit, tscinv

Memory: 4k page, physical 6237468k(1214988k free), swap 9069856k(1104220k free)

vm_info: Java HotSpot(TM) 64-Bit Server VM (25.77-b03) for windows-amd64 JRE (1.8.0_77-b03), built on Mar 20 2016 22:01:33 by "java_re" with MS VC++ 10.0 (VS2010)

time: Thu Jun 23 14:04:50 2016
elapsed time: 1374 seconds (0d 0h 22m 54s)

